Determining if the include file malloc/malloc.h exists failed with the following output:
Change Dir: /home/ubuntu/eosio.cdt/build/eosio_llvm/CMakeFiles/CMakeTmp

Run Build Command:"/usr/bin/make" "cmTC_65ae5/fast"
make[3]: Entering directory '/home/ubuntu/eosio.cdt/build/eosio_llvm/CMakeFiles/CMakeTmp'
/usr/bin/make -f CMakeFiles/cmTC_65ae5.dir/build.make CMakeFiles/cmTC_65ae5.dir/build
make[4]: Entering directory '/home/ubuntu/eosio.cdt/build/eosio_llvm/CMakeFiles/CMakeTmp'
Building C object CMakeFiles/cmTC_65ae5.dir/CheckIncludeFile.c.o
/usr/bin/cc    -o CMakeFiles/cmTC_65ae5.dir/CheckIncludeFile.c.o   -c /home/ubuntu/eosio.cdt/build/eosio_llvm/CMakeFiles/CMakeTmp/CheckIncludeFile.c
/home/ubuntu/eosio.cdt/build/eosio_llvm/CMakeFiles/CMakeTmp/CheckIncludeFile.c:1:10: fatal error: malloc/malloc.h: No such file or directory
 #include <malloc/malloc.h>
          ^~~~~~~~~~~~~~~~~
compilation terminated.
CMakeFiles/cmTC_65ae5.dir/build.make:65: recipe for target 'CMakeFiles/cmTC_65ae5.dir/CheckIncludeFile.c.o' failed
make[4]: *** [CMakeFiles/cmTC_65ae5.dir/CheckIncludeFile.c.o] Error 1
make[4]: Leaving directory '/home/ubuntu/eosio.cdt/build/eosio_llvm/CMakeFiles/CMakeTmp'
Makefile:121: recipe for target 'cmTC_65ae5/fast' failed
make[3]: *** [cmTC_65ae5/fast] Error 2
make[3]: Leaving directory '/home/ubuntu/eosio.cdt/build/eosio_llvm/CMakeFiles/CMakeTmp'


Determining if the include file valgrind/valgrind.h exists failed with the following output:
Change Dir: /home/ubuntu/eosio.cdt/build/eosio_llvm/CMakeFiles/CMakeTmp

Run Build Command:"/usr/bin/make" "cmTC_eb2a1/fast"
make[3]: Entering directory '/home/ubuntu/eosio.cdt/build/eosio_llvm/CMakeFiles/CMakeTmp'
/usr/bin/make -f CMakeFiles/cmTC_eb2a1.dir/build.make CMakeFiles/cmTC_eb2a1.dir/build
make[4]: Entering directory '/home/ubuntu/eosio.cdt/build/eosio_llvm/CMakeFiles/CMakeTmp'
Building C object CMakeFiles/cmTC_eb2a1.dir/CheckIncludeFile.c.o
/usr/bin/cc    -o CMakeFiles/cmTC_eb2a1.dir/CheckIncludeFile.c.o   -c /home/ubuntu/eosio.cdt/build/eosio_llvm/CMakeFiles/CMakeTmp/CheckIncludeFile.c
/home/ubuntu/eosio.cdt/build/eosio_llvm/CMakeFiles/CMakeTmp/CheckIncludeFile.c:1:10: fatal error: valgrind/valgrind.h: No such file or directory
 #include <valgrind/valgrind.h>
          ^~~~~~~~~~~~~~~~~~~~~
compilation terminated.
CMakeFiles/cmTC_eb2a1.dir/build.make:65: recipe for target 'CMakeFiles/cmTC_eb2a1.dir/CheckIncludeFile.c.o' failed
make[4]: *** [CMakeFiles/cmTC_eb2a1.dir/CheckIncludeFile.c.o] Error 1
make[4]: Leaving directory '/home/ubuntu/eosio.cdt/build/eosio_llvm/CMakeFiles/CMakeTmp'
Makefile:121: recipe for target 'cmTC_eb2a1/fast' failed
make[3]: *** [cmTC_eb2a1/fast] Error 2
make[3]: Leaving directory '/home/ubuntu/eosio.cdt/build/eosio_llvm/CMakeFiles/CMakeTmp'


Determining if the include file mach/mach.h exists failed with the following output:
Change Dir: /home/ubuntu/eosio.cdt/build/eosio_llvm/CMakeFiles/CMakeTmp

Run Build Command:"/usr/bin/make" "cmTC_6b6d9/fast"
make[3]: Entering directory '/home/ubuntu/eosio.cdt/build/eosio_llvm/CMakeFiles/CMakeTmp'
/usr/bin/make -f CMakeFiles/cmTC_6b6d9.dir/build.make CMakeFiles/cmTC_6b6d9.dir/build
make[4]: Entering directory '/home/ubuntu/eosio.cdt/build/eosio_llvm/CMakeFiles/CMakeTmp'
Building C object CMakeFiles/cmTC_6b6d9.dir/CheckIncludeFile.c.o
/usr/bin/cc    -o CMakeFiles/cmTC_6b6d9.dir/CheckIncludeFile.c.o   -c /home/ubuntu/eosio.cdt/build/eosio_llvm/CMakeFiles/CMakeTmp/CheckIncludeFile.c
/home/ubuntu/eosio.cdt/build/eosio_llvm/CMakeFiles/CMakeTmp/CheckIncludeFile.c:1:10: fatal error: mach/mach.h: No such file or directory
 #include <mach/mach.h>
          ^~~~~~~~~~~~~
compilation terminated.
CMakeFiles/cmTC_6b6d9.dir/build.make:65: recipe for target 'CMakeFiles/cmTC_6b6d9.dir/CheckIncludeFile.c.o' failed
make[4]: *** [CMakeFiles/cmTC_6b6d9.dir/CheckIncludeFile.c.o] Error 1
make[4]: Leaving directory '/home/ubuntu/eosio.cdt/build/eosio_llvm/CMakeFiles/CMakeTmp'
Makefile:121: recipe for target 'cmTC_6b6d9/fast' failed
make[3]: *** [cmTC_6b6d9/fast] Error 2
make[3]: Leaving directory '/home/ubuntu/eosio.cdt/build/eosio_llvm/CMakeFiles/CMakeTmp'


Determining if the include file histedit.h exists failed with the following output:
Change Dir: /home/ubuntu/eosio.cdt/build/eosio_llvm/CMakeFiles/CMakeTmp

Run Build Command:"/usr/bin/make" "cmTC_09282/fast"
make[3]: Entering directory '/home/ubuntu/eosio.cdt/build/eosio_llvm/CMakeFiles/CMakeTmp'
/usr/bin/make -f CMakeFiles/cmTC_09282.dir/build.make CMakeFiles/cmTC_09282.dir/build
make[4]: Entering directory '/home/ubuntu/eosio.cdt/build/eosio_llvm/CMakeFiles/CMakeTmp'
Building C object CMakeFiles/cmTC_09282.dir/CheckIncludeFile.c.o
/usr/bin/cc    -o CMakeFiles/cmTC_09282.dir/CheckIncludeFile.c.o   -c /home/ubuntu/eosio.cdt/build/eosio_llvm/CMakeFiles/CMakeTmp/CheckIncludeFile.c
/home/ubuntu/eosio.cdt/build/eosio_llvm/CMakeFiles/CMakeTmp/CheckIncludeFile.c:1:10: fatal error: histedit.h: No such file or directory
 #include <histedit.h>
          ^~~~~~~~~~~~
compilation terminated.
CMakeFiles/cmTC_09282.dir/build.make:65: recipe for target 'CMakeFiles/cmTC_09282.dir/CheckIncludeFile.c.o' failed
make[4]: *** [CMakeFiles/cmTC_09282.dir/CheckIncludeFile.c.o] Error 1
make[4]: Leaving directory '/home/ubuntu/eosio.cdt/build/eosio_llvm/CMakeFiles/CMakeTmp'
Makefile:121: recipe for target 'cmTC_09282/fast' failed
make[3]: *** [cmTC_09282/fast] Error 2
make[3]: Leaving directory '/home/ubuntu/eosio.cdt/build/eosio_llvm/CMakeFiles/CMakeTmp'


Determining if the include file CrashReporterClient.h exists failed with the following output:
Change Dir: /home/ubuntu/eosio.cdt/build/eosio_llvm/CMakeFiles/CMakeTmp

Run Build Command:"/usr/bin/make" "cmTC_26f8d/fast"
make[3]: Entering directory '/home/ubuntu/eosio.cdt/build/eosio_llvm/CMakeFiles/CMakeTmp'
/usr/bin/make -f CMakeFiles/cmTC_26f8d.dir/build.make CMakeFiles/cmTC_26f8d.dir/build
make[4]: Entering directory '/home/ubuntu/eosio.cdt/build/eosio_llvm/CMakeFiles/CMakeTmp'
Building C object CMakeFiles/cmTC_26f8d.dir/CheckIncludeFile.c.o
/usr/bin/cc    -o CMakeFiles/cmTC_26f8d.dir/CheckIncludeFile.c.o   -c /home/ubuntu/eosio.cdt/build/eosio_llvm/CMakeFiles/CMakeTmp/CheckIncludeFile.c
/home/ubuntu/eosio.cdt/build/eosio_llvm/CMakeFiles/CMakeTmp/CheckIncludeFile.c:1:10: fatal error: CrashReporterClient.h: No such file or directory
 #include <CrashReporterClient.h>
          ^~~~~~~~~~~~~~~~~~~~~~~
compilation terminated.
CMakeFiles/cmTC_26f8d.dir/build.make:65: recipe for target 'CMakeFiles/cmTC_26f8d.dir/CheckIncludeFile.c.o' failed
make[4]: *** [CMakeFiles/cmTC_26f8d.dir/CheckIncludeFile.c.o] Error 1
make[4]: Leaving directory '/home/ubuntu/eosio.cdt/build/eosio_llvm/CMakeFiles/CMakeTmp'
Makefile:121: recipe for target 'cmTC_26f8d/fast' failed
make[3]: *** [cmTC_26f8d/fast] Error 2
make[3]: Leaving directory '/home/ubuntu/eosio.cdt/build/eosio_llvm/CMakeFiles/CMakeTmp'


Determining if the function pfm_initialize exists in the pfm failed with the following output:
Change Dir: /home/ubuntu/eosio.cdt/build/eosio_llvm/CMakeFiles/CMakeTmp

Run Build Command:"/usr/bin/make" "cmTC_395a8/fast"
make[3]: Entering directory '/home/ubuntu/eosio.cdt/build/eosio_llvm/CMakeFiles/CMakeTmp'
/usr/bin/make -f CMakeFiles/cmTC_395a8.dir/build.make CMakeFiles/cmTC_395a8.dir/build
make[4]: Entering directory '/home/ubuntu/eosio.cdt/build/eosio_llvm/CMakeFiles/CMakeTmp'
Building C object CMakeFiles/cmTC_395a8.dir/CheckFunctionExists.c.o
/usr/bin/cc   -DCHECK_FUNCTION_EXISTS=pfm_initialize   -o CMakeFiles/cmTC_395a8.dir/CheckFunctionExists.c.o   -c /usr/local/share/cmake-3.13/Modules/CheckFunctionExists.c
Linking C executable cmTC_395a8
/usr/local/bin/cmake -E cmake_link_script CMakeFiles/cmTC_395a8.dir/link.txt --verbose=1
/usr/bin/cc  -DCHECK_FUNCTION_EXISTS=pfm_initialize    CMakeFiles/cmTC_395a8.dir/CheckFunctionExists.c.o  -o cmTC_395a8 -lpfm -lm 
/usr/bin/ld: cannot find -lpfm
collect2: error: ld returned 1 exit status
CMakeFiles/cmTC_395a8.dir/build.make:86: recipe for target 'cmTC_395a8' failed
make[4]: *** [cmTC_395a8] Error 1
make[4]: Leaving directory '/home/ubuntu/eosio.cdt/build/eosio_llvm/CMakeFiles/CMakeTmp'
Makefile:121: recipe for target 'cmTC_395a8/fast' failed
make[3]: *** [cmTC_395a8/fast] Error 2
make[3]: Leaving directory '/home/ubuntu/eosio.cdt/build/eosio_llvm/CMakeFiles/CMakeTmp'


Determining if the pthread_create exist failed with the following output:
Change Dir: /home/ubuntu/eosio.cdt/build/eosio_llvm/CMakeFiles/CMakeTmp

Run Build Command:"/usr/bin/make" "cmTC_08829/fast"
make[3]: Entering directory '/home/ubuntu/eosio.cdt/build/eosio_llvm/CMakeFiles/CMakeTmp'
/usr/bin/make -f CMakeFiles/cmTC_08829.dir/build.make CMakeFiles/cmTC_08829.dir/build
make[4]: Entering directory '/home/ubuntu/eosio.cdt/build/eosio_llvm/CMakeFiles/CMakeTmp'
Building C object CMakeFiles/cmTC_08829.dir/CheckSymbolExists.c.o
/usr/bin/cc    -o CMakeFiles/cmTC_08829.dir/CheckSymbolExists.c.o   -c /home/ubuntu/eosio.cdt/build/eosio_llvm/CMakeFiles/CMakeTmp/CheckSymbolExists.c
Linking C executable cmTC_08829
/usr/local/bin/cmake -E cmake_link_script CMakeFiles/cmTC_08829.dir/link.txt --verbose=1
/usr/bin/cc      CMakeFiles/cmTC_08829.dir/CheckSymbolExists.c.o  -o cmTC_08829 -lm 
CMakeFiles/cmTC_08829.dir/CheckSymbolExists.c.o: In function `main':
CheckSymbolExists.c:(.text+0x1b): undefined reference to `pthread_create'
collect2: error: ld returned 1 exit status
CMakeFiles/cmTC_08829.dir/build.make:86: recipe for target 'cmTC_08829' failed
make[4]: *** [cmTC_08829] Error 1
make[4]: Leaving directory '/home/ubuntu/eosio.cdt/build/eosio_llvm/CMakeFiles/CMakeTmp'
Makefile:121: recipe for target 'cmTC_08829/fast' failed
make[3]: *** [cmTC_08829/fast] Error 2
make[3]: Leaving directory '/home/ubuntu/eosio.cdt/build/eosio_llvm/CMakeFiles/CMakeTmp'

File /home/ubuntu/eosio.cdt/build/eosio_llvm/CMakeFiles/CMakeTmp/CheckSymbolExists.c:
/* */
#include <pthread.h>

int main(int argc, char** argv)
{
  (void)argv;
#ifndef pthread_create
  return ((int*)(&pthread_create))[argc];
#else
  (void)argc;
  return 0;
#endif
}

Determining if the function pthread_create exists in the pthreads failed with the following output:
Change Dir: /home/ubuntu/eosio.cdt/build/eosio_llvm/CMakeFiles/CMakeTmp

Run Build Command:"/usr/bin/make" "cmTC_24b43/fast"
make[3]: Entering directory '/home/ubuntu/eosio.cdt/build/eosio_llvm/CMakeFiles/CMakeTmp'
/usr/bin/make -f CMakeFiles/cmTC_24b43.dir/build.make CMakeFiles/cmTC_24b43.dir/build
make[4]: Entering directory '/home/ubuntu/eosio.cdt/build/eosio_llvm/CMakeFiles/CMakeTmp'
Building C object CMakeFiles/cmTC_24b43.dir/CheckFunctionExists.c.o
/usr/bin/cc   -DCHECK_FUNCTION_EXISTS=pthread_create   -o CMakeFiles/cmTC_24b43.dir/CheckFunctionExists.c.o   -c /usr/local/share/cmake-3.13/Modules/CheckFunctionExists.c
Linking C executable cmTC_24b43
/usr/local/bin/cmake -E cmake_link_script CMakeFiles/cmTC_24b43.dir/link.txt --verbose=1
/usr/bin/cc  -DCHECK_FUNCTION_EXISTS=pthread_create    CMakeFiles/cmTC_24b43.dir/CheckFunctionExists.c.o  -o cmTC_24b43 -lpthreads -lm 
/usr/bin/ld: cannot find -lpthreads
collect2: error: ld returned 1 exit status
CMakeFiles/cmTC_24b43.dir/build.make:86: recipe for target 'cmTC_24b43' failed
make[4]: *** [cmTC_24b43] Error 1
make[4]: Leaving directory '/home/ubuntu/eosio.cdt/build/eosio_llvm/CMakeFiles/CMakeTmp'
Makefile:121: recipe for target 'cmTC_24b43/fast' failed
make[3]: *** [cmTC_24b43/fast] Error 2
make[3]: Leaving directory '/home/ubuntu/eosio.cdt/build/eosio_llvm/CMakeFiles/CMakeTmp'


Determining if the function xar_open exists in the xar failed with the following output:
Change Dir: /home/ubuntu/eosio.cdt/build/eosio_llvm/CMakeFiles/CMakeTmp

Run Build Command:"/usr/bin/make" "cmTC_6271b/fast"
make[3]: Entering directory '/home/ubuntu/eosio.cdt/build/eosio_llvm/CMakeFiles/CMakeTmp'
/usr/bin/make -f CMakeFiles/cmTC_6271b.dir/build.make CMakeFiles/cmTC_6271b.dir/build
make[4]: Entering directory '/home/ubuntu/eosio.cdt/build/eosio_llvm/CMakeFiles/CMakeTmp'
Building C object CMakeFiles/cmTC_6271b.dir/CheckFunctionExists.c.o
/usr/bin/cc   -DCHECK_FUNCTION_EXISTS=xar_open   -o CMakeFiles/cmTC_6271b.dir/CheckFunctionExists.c.o   -c /usr/local/share/cmake-3.13/Modules/CheckFunctionExists.c
Linking C executable cmTC_6271b
/usr/local/bin/cmake -E cmake_link_script CMakeFiles/cmTC_6271b.dir/link.txt --verbose=1
/usr/bin/cc  -DCHECK_FUNCTION_EXISTS=xar_open    CMakeFiles/cmTC_6271b.dir/CheckFunctionExists.c.o  -o cmTC_6271b -lxar -lm 
/usr/bin/ld: cannot find -lxar
collect2: error: ld returned 1 exit status
CMakeFiles/cmTC_6271b.dir/build.make:86: recipe for target 'cmTC_6271b' failed
make[4]: *** [cmTC_6271b] Error 1
make[4]: Leaving directory '/home/ubuntu/eosio.cdt/build/eosio_llvm/CMakeFiles/CMakeTmp'
Makefile:121: recipe for target 'cmTC_6271b/fast' failed
make[3]: *** [cmTC_6271b/fast] Error 2
make[3]: Leaving directory '/home/ubuntu/eosio.cdt/build/eosio_llvm/CMakeFiles/CMakeTmp'


Determining if the arc4random exist failed with the following output:
Change Dir: /home/ubuntu/eosio.cdt/build/eosio_llvm/CMakeFiles/CMakeTmp

Run Build Command:"/usr/bin/make" "cmTC_1a2b5/fast"
make[3]: Entering directory '/home/ubuntu/eosio.cdt/build/eosio_llvm/CMakeFiles/CMakeTmp'
/usr/bin/make -f CMakeFiles/cmTC_1a2b5.dir/build.make CMakeFiles/cmTC_1a2b5.dir/build
make[4]: Entering directory '/home/ubuntu/eosio.cdt/build/eosio_llvm/CMakeFiles/CMakeTmp'
Building C object CMakeFiles/cmTC_1a2b5.dir/CheckSymbolExists.c.o
/usr/bin/cc    -o CMakeFiles/cmTC_1a2b5.dir/CheckSymbolExists.c.o   -c /home/ubuntu/eosio.cdt/build/eosio_llvm/CMakeFiles/CMakeTmp/CheckSymbolExists.c
/home/ubuntu/eosio.cdt/build/eosio_llvm/CMakeFiles/CMakeTmp/CheckSymbolExists.c: In function ‘main’:
/home/ubuntu/eosio.cdt/build/eosio_llvm/CMakeFiles/CMakeTmp/CheckSymbolExists.c:8:19: error: ‘arc4random’ undeclared (first use in this function); did you mean ‘srandom’?
   return ((int*)(&arc4random))[argc];
                   ^~~~~~~~~~
                   srandom
/home/ubuntu/eosio.cdt/build/eosio_llvm/CMakeFiles/CMakeTmp/CheckSymbolExists.c:8:19: note: each undeclared identifier is reported only once for each function it appears in
CMakeFiles/cmTC_1a2b5.dir/build.make:65: recipe for target 'CMakeFiles/cmTC_1a2b5.dir/CheckSymbolExists.c.o' failed
make[4]: *** [CMakeFiles/cmTC_1a2b5.dir/CheckSymbolExists.c.o] Error 1
make[4]: Leaving directory '/home/ubuntu/eosio.cdt/build/eosio_llvm/CMakeFiles/CMakeTmp'
Makefile:121: recipe for target 'cmTC_1a2b5/fast' failed
make[3]: *** [cmTC_1a2b5/fast] Error 2
make[3]: Leaving directory '/home/ubuntu/eosio.cdt/build/eosio_llvm/CMakeFiles/CMakeTmp'

File /home/ubuntu/eosio.cdt/build/eosio_llvm/CMakeFiles/CMakeTmp/CheckSymbolExists.c:
/* */
#include <stdlib.h>

int main(int argc, char** argv)
{
  (void)argv;
#ifndef arc4random
  return ((int*)(&arc4random))[argc];
#else
  (void)argc;
  return 0;
#endif
}

Performing C SOURCE FILE Test C_SUPPORTS_WERROR_UNGUARDED_AVAILABILITY_NEW failed with the following output:
Change Dir: /home/ubuntu/eosio.cdt/build/eosio_llvm/CMakeFiles/CMakeTmp

Run Build Command:"/usr/bin/make" "cmTC_4d2e1/fast"
make[3]: Entering directory '/home/ubuntu/eosio.cdt/build/eosio_llvm/CMakeFiles/CMakeTmp'
/usr/bin/make -f CMakeFiles/cmTC_4d2e1.dir/build.make CMakeFiles/cmTC_4d2e1.dir/build
make[4]: Entering directory '/home/ubuntu/eosio.cdt/build/eosio_llvm/CMakeFiles/CMakeTmp'
Building C object CMakeFiles/cmTC_4d2e1.dir/src.c.o
/usr/bin/cc   -DC_SUPPORTS_WERROR_UNGUARDED_AVAILABILITY_NEW   -Werror=unguarded-availability-new -o CMakeFiles/cmTC_4d2e1.dir/src.c.o   -c /home/ubuntu/eosio.cdt/build/eosio_llvm/CMakeFiles/CMakeTmp/src.c
cc1: error: -Werror=unguarded-availability-new: no option -Wunguarded-availability-new
CMakeFiles/cmTC_4d2e1.dir/build.make:65: recipe for target 'CMakeFiles/cmTC_4d2e1.dir/src.c.o' failed
make[4]: *** [CMakeFiles/cmTC_4d2e1.dir/src.c.o] Error 1
make[4]: Leaving directory '/home/ubuntu/eosio.cdt/build/eosio_llvm/CMakeFiles/CMakeTmp'
Makefile:121: recipe for target 'cmTC_4d2e1/fast' failed
make[3]: *** [cmTC_4d2e1/fast] Error 2
make[3]: Leaving directory '/home/ubuntu/eosio.cdt/build/eosio_llvm/CMakeFiles/CMakeTmp'

Source file was:
int main(void) { return 0; }
Determining if the mallctl exist failed with the following output:
Change Dir: /home/ubuntu/eosio.cdt/build/eosio_llvm/CMakeFiles/CMakeTmp

Run Build Command:"/usr/bin/make" "cmTC_23f19/fast"
make[3]: Entering directory '/home/ubuntu/eosio.cdt/build/eosio_llvm/CMakeFiles/CMakeTmp'
/usr/bin/make -f CMakeFiles/cmTC_23f19.dir/build.make CMakeFiles/cmTC_23f19.dir/build
make[4]: Entering directory '/home/ubuntu/eosio.cdt/build/eosio_llvm/CMakeFiles/CMakeTmp'
Building C object CMakeFiles/cmTC_23f19.dir/CheckSymbolExists.c.o
/usr/bin/cc    -o CMakeFiles/cmTC_23f19.dir/CheckSymbolExists.c.o   -c /home/ubuntu/eosio.cdt/build/eosio_llvm/CMakeFiles/CMakeTmp/CheckSymbolExists.c
/home/ubuntu/eosio.cdt/build/eosio_llvm/CMakeFiles/CMakeTmp/CheckSymbolExists.c:2:10: fatal error: malloc_np.h: No such file or directory
 #include <malloc_np.h>
          ^~~~~~~~~~~~~
compilation terminated.
CMakeFiles/cmTC_23f19.dir/build.make:65: recipe for target 'CMakeFiles/cmTC_23f19.dir/CheckSymbolExists.c.o' failed
make[4]: *** [CMakeFiles/cmTC_23f19.dir/CheckSymbolExists.c.o] Error 1
make[4]: Leaving directory '/home/ubuntu/eosio.cdt/build/eosio_llvm/CMakeFiles/CMakeTmp'
Makefile:121: recipe for target 'cmTC_23f19/fast' failed
make[3]: *** [cmTC_23f19/fast] Error 2
make[3]: Leaving directory '/home/ubuntu/eosio.cdt/build/eosio_llvm/CMakeFiles/CMakeTmp'

File /home/ubuntu/eosio.cdt/build/eosio_llvm/CMakeFiles/CMakeTmp/CheckSymbolExists.c:
/* */
#include <malloc_np.h>

int main(int argc, char** argv)
{
  (void)argv;
#ifndef mallctl
  return ((int*)(&mallctl))[argc];
#else
  (void)argc;
  return 0;
#endif
}

Determining if the malloc_zone_statistics exist failed with the following output:
Change Dir: /home/ubuntu/eosio.cdt/build/eosio_llvm/CMakeFiles/CMakeTmp

Run Build Command:"/usr/bin/make" "cmTC_af058/fast"
make[3]: Entering directory '/home/ubuntu/eosio.cdt/build/eosio_llvm/CMakeFiles/CMakeTmp'
/usr/bin/make -f CMakeFiles/cmTC_af058.dir/build.make CMakeFiles/cmTC_af058.dir/build
make[4]: Entering directory '/home/ubuntu/eosio.cdt/build/eosio_llvm/CMakeFiles/CMakeTmp'
Building C object CMakeFiles/cmTC_af058.dir/CheckSymbolExists.c.o
/usr/bin/cc    -o CMakeFiles/cmTC_af058.dir/CheckSymbolExists.c.o   -c /home/ubuntu/eosio.cdt/build/eosio_llvm/CMakeFiles/CMakeTmp/CheckSymbolExists.c
/home/ubuntu/eosio.cdt/build/eosio_llvm/CMakeFiles/CMakeTmp/CheckSymbolExists.c:2:10: fatal error: malloc/malloc.h: No such file or directory
 #include <malloc/malloc.h>
          ^~~~~~~~~~~~~~~~~
compilation terminated.
CMakeFiles/cmTC_af058.dir/build.make:65: recipe for target 'CMakeFiles/cmTC_af058.dir/CheckSymbolExists.c.o' failed
make[4]: *** [CMakeFiles/cmTC_af058.dir/CheckSymbolExists.c.o] Error 1
make[4]: Leaving directory '/home/ubuntu/eosio.cdt/build/eosio_llvm/CMakeFiles/CMakeTmp'
Makefile:121: recipe for target 'cmTC_af058/fast' failed
make[3]: *** [cmTC_af058/fast] Error 2
make[3]: Leaving directory '/home/ubuntu/eosio.cdt/build/eosio_llvm/CMakeFiles/CMakeTmp'

File /home/ubuntu/eosio.cdt/build/eosio_llvm/CMakeFiles/CMakeTmp/CheckSymbolExists.c:
/* */
#include <malloc/malloc.h>

int main(int argc, char** argv)
{
  (void)argv;
#ifndef malloc_zone_statistics
  return ((int*)(&malloc_zone_statistics))[argc];
#else
  (void)argc;
  return 0;
#endif
}

Determining if the strerror_s exist failed with the following output:
Change Dir: /home/ubuntu/eosio.cdt/build/eosio_llvm/CMakeFiles/CMakeTmp

Run Build Command:"/usr/bin/make" "cmTC_ab9e7/fast"
make[3]: Entering directory '/home/ubuntu/eosio.cdt/build/eosio_llvm/CMakeFiles/CMakeTmp'
/usr/bin/make -f CMakeFiles/cmTC_ab9e7.dir/build.make CMakeFiles/cmTC_ab9e7.dir/build
make[4]: Entering directory '/home/ubuntu/eosio.cdt/build/eosio_llvm/CMakeFiles/CMakeTmp'
Building C object CMakeFiles/cmTC_ab9e7.dir/CheckSymbolExists.c.o
/usr/bin/cc    -o CMakeFiles/cmTC_ab9e7.dir/CheckSymbolExists.c.o   -c /home/ubuntu/eosio.cdt/build/eosio_llvm/CMakeFiles/CMakeTmp/CheckSymbolExists.c
/home/ubuntu/eosio.cdt/build/eosio_llvm/CMakeFiles/CMakeTmp/CheckSymbolExists.c: In function ‘main’:
/home/ubuntu/eosio.cdt/build/eosio_llvm/CMakeFiles/CMakeTmp/CheckSymbolExists.c:8:19: error: ‘strerror_s’ undeclared (first use in this function); did you mean ‘strerror_l’?
   return ((int*)(&strerror_s))[argc];
                   ^~~~~~~~~~
                   strerror_l
/home/ubuntu/eosio.cdt/build/eosio_llvm/CMakeFiles/CMakeTmp/CheckSymbolExists.c:8:19: note: each undeclared identifier is reported only once for each function it appears in
CMakeFiles/cmTC_ab9e7.dir/build.make:65: recipe for target 'CMakeFiles/cmTC_ab9e7.dir/CheckSymbolExists.c.o' failed
make[4]: *** [CMakeFiles/cmTC_ab9e7.dir/CheckSymbolExists.c.o] Error 1
make[4]: Leaving directory '/home/ubuntu/eosio.cdt/build/eosio_llvm/CMakeFiles/CMakeTmp'
Makefile:121: recipe for target 'cmTC_ab9e7/fast' failed
make[3]: *** [cmTC_ab9e7/fast] Error 2
make[3]: Leaving directory '/home/ubuntu/eosio.cdt/build/eosio_llvm/CMakeFiles/CMakeTmp'

File /home/ubuntu/eosio.cdt/build/eosio_llvm/CMakeFiles/CMakeTmp/CheckSymbolExists.c:
/* */
#include <string.h>

int main(int argc, char** argv)
{
  (void)argv;
#ifndef strerror_s
  return ((int*)(&strerror_s))[argc];
#else
  (void)argc;
  return 0;
#endif
}

Determining if the dladdr exist failed with the following output:
Change Dir: /home/ubuntu/eosio.cdt/build/eosio_llvm/CMakeFiles/CMakeTmp

Run Build Command:"/usr/bin/make" "cmTC_15b69/fast"
make[3]: Entering directory '/home/ubuntu/eosio.cdt/build/eosio_llvm/CMakeFiles/CMakeTmp'
/usr/bin/make -f CMakeFiles/cmTC_15b69.dir/build.make CMakeFiles/cmTC_15b69.dir/build
make[4]: Entering directory '/home/ubuntu/eosio.cdt/build/eosio_llvm/CMakeFiles/CMakeTmp'
Building C object CMakeFiles/cmTC_15b69.dir/CheckSymbolExists.c.o
/usr/bin/cc    -o CMakeFiles/cmTC_15b69.dir/CheckSymbolExists.c.o   -c /home/ubuntu/eosio.cdt/build/eosio_llvm/CMakeFiles/CMakeTmp/CheckSymbolExists.c
/home/ubuntu/eosio.cdt/build/eosio_llvm/CMakeFiles/CMakeTmp/CheckSymbolExists.c: In function ‘main’:
/home/ubuntu/eosio.cdt/build/eosio_llvm/CMakeFiles/CMakeTmp/CheckSymbolExists.c:8:19: error: ‘dladdr’ undeclared (first use in this function)
   return ((int*)(&dladdr))[argc];
                   ^~~~~~
/home/ubuntu/eosio.cdt/build/eosio_llvm/CMakeFiles/CMakeTmp/CheckSymbolExists.c:8:19: note: each undeclared identifier is reported only once for each function it appears in
CMakeFiles/cmTC_15b69.dir/build.make:65: recipe for target 'CMakeFiles/cmTC_15b69.dir/CheckSymbolExists.c.o' failed
make[4]: *** [CMakeFiles/cmTC_15b69.dir/CheckSymbolExists.c.o] Error 1
make[4]: Leaving directory '/home/ubuntu/eosio.cdt/build/eosio_llvm/CMakeFiles/CMakeTmp'
Makefile:121: recipe for target 'cmTC_15b69/fast' failed
make[3]: *** [cmTC_15b69/fast] Error 2
make[3]: Leaving directory '/home/ubuntu/eosio.cdt/build/eosio_llvm/CMakeFiles/CMakeTmp'

File /home/ubuntu/eosio.cdt/build/eosio_llvm/CMakeFiles/CMakeTmp/CheckSymbolExists.c:
/* */
#include <dlfcn.h>

int main(int argc, char** argv)
{
  (void)argv;
#ifndef dladdr
  return ((int*)(&dladdr))[argc];
#else
  (void)argc;
  return 0;
#endif
}

Performing C++ SOURCE FILE Test SUPPORTS_GNU_ZERO_VARIADIC_MACRO_ARGUMENTS_FLAG failed with the following output:
Change Dir: /home/ubuntu/eosio.cdt/build/eosio_llvm/CMakeFiles/CMakeTmp

Run Build Command:"/usr/bin/make" "cmTC_2c6f5/fast"
make[3]: Entering directory '/home/ubuntu/eosio.cdt/build/eosio_llvm/CMakeFiles/CMakeTmp'
/usr/bin/make -f CMakeFiles/cmTC_2c6f5.dir/build.make CMakeFiles/cmTC_2c6f5.dir/build
make[4]: Entering directory '/home/ubuntu/eosio.cdt/build/eosio_llvm/CMakeFiles/CMakeTmp'
Building CXX object CMakeFiles/cmTC_2c6f5.dir/src.cxx.o
/usr/bin/c++    -DSUPPORTS_GNU_ZERO_VARIADIC_MACRO_ARGUMENTS_FLAG   -Wgnu-zero-variadic-macro-arguments -o CMakeFiles/cmTC_2c6f5.dir/src.cxx.o -c /home/ubuntu/eosio.cdt/build/eosio_llvm/CMakeFiles/CMakeTmp/src.cxx
c++: error: unrecognized command line option '-Wgnu-zero-variadic-macro-arguments'; did you mean '-Wno-variadic-macros'?
CMakeFiles/cmTC_2c6f5.dir/build.make:65: recipe for target 'CMakeFiles/cmTC_2c6f5.dir/src.cxx.o' failed
make[4]: *** [CMakeFiles/cmTC_2c6f5.dir/src.cxx.o] Error 1
make[4]: Leaving directory '/home/ubuntu/eosio.cdt/build/eosio_llvm/CMakeFiles/CMakeTmp'
Makefile:121: recipe for target 'cmTC_2c6f5/fast' failed
make[3]: *** [cmTC_2c6f5/fast] Error 2
make[3]: Leaving directory '/home/ubuntu/eosio.cdt/build/eosio_llvm/CMakeFiles/CMakeTmp'

Source file was:
int main() { return 0; }
Performing C++ SOURCE FILE Test CXX_SUPPORTS_WERROR_UNGUARDED_AVAILABILITY_NEW failed with the following output:
Change Dir: /home/ubuntu/eosio.cdt/build/eosio_llvm/CMakeFiles/CMakeTmp

Run Build Command:"/usr/bin/make" "cmTC_8905a/fast"
make[3]: Entering directory '/home/ubuntu/eosio.cdt/build/eosio_llvm/CMakeFiles/CMakeTmp'
/usr/bin/make -f CMakeFiles/cmTC_8905a.dir/build.make CMakeFiles/cmTC_8905a.dir/build
make[4]: Entering directory '/home/ubuntu/eosio.cdt/build/eosio_llvm/CMakeFiles/CMakeTmp'
Building CXX object CMakeFiles/cmTC_8905a.dir/src.cxx.o
/usr/bin/c++    -fPIC -fvisibility-inlines-hidden -Werror=date-time -DCXX_SUPPORTS_WERROR_UNGUARDED_AVAILABILITY_NEW   -Werror -Werror=unguarded-availability-new -o CMakeFiles/cmTC_8905a.dir/src.cxx.o -c /home/ubuntu/eosio.cdt/build/eosio_llvm/CMakeFiles/CMakeTmp/src.cxx
cc1plus: error: -Werror=unguarded-availability-new: no option -Wunguarded-availability-new
CMakeFiles/cmTC_8905a.dir/build.make:65: recipe for target 'CMakeFiles/cmTC_8905a.dir/src.cxx.o' failed
make[4]: *** [CMakeFiles/cmTC_8905a.dir/src.cxx.o] Error 1
make[4]: Leaving directory '/home/ubuntu/eosio.cdt/build/eosio_llvm/CMakeFiles/CMakeTmp'
Makefile:121: recipe for target 'cmTC_8905a/fast' failed
make[3]: *** [cmTC_8905a/fast] Error 2
make[3]: Leaving directory '/home/ubuntu/eosio.cdt/build/eosio_llvm/CMakeFiles/CMakeTmp'

Source file was:
int main() { return 0; }
Performing C SOURCE FILE Test C_SUPPORTS_COVERED_SWITCH_DEFAULT_FLAG failed with the following output:
Change Dir: /home/ubuntu/eosio.cdt/build/eosio_llvm/CMakeFiles/CMakeTmp

Run Build Command:"/usr/bin/make" "cmTC_692c3/fast"
make[3]: Entering directory '/home/ubuntu/eosio.cdt/build/eosio_llvm/CMakeFiles/CMakeTmp'
/usr/bin/make -f CMakeFiles/cmTC_692c3.dir/build.make CMakeFiles/cmTC_692c3.dir/build
make[4]: Entering directory '/home/ubuntu/eosio.cdt/build/eosio_llvm/CMakeFiles/CMakeTmp'
Building C object CMakeFiles/cmTC_692c3.dir/src.c.o
/usr/bin/cc   -fPIC -Werror=date-time -Wall -Wextra -Wno-unused-parameter -Wwrite-strings -Wno-missing-field-initializers -pedantic -Wno-long-long -DC_SUPPORTS_COVERED_SWITCH_DEFAULT_FLAG   -Werror -Wcovered-switch-default -o CMakeFiles/cmTC_692c3.dir/src.c.o   -c /home/ubuntu/eosio.cdt/build/eosio_llvm/CMakeFiles/CMakeTmp/src.c
cc: error: unrecognized command line option '-Wcovered-switch-default'; did you mean '-Wno-switch-default'?
CMakeFiles/cmTC_692c3.dir/build.make:65: recipe for target 'CMakeFiles/cmTC_692c3.dir/src.c.o' failed
make[4]: *** [CMakeFiles/cmTC_692c3.dir/src.c.o] Error 1
make[4]: Leaving directory '/home/ubuntu/eosio.cdt/build/eosio_llvm/CMakeFiles/CMakeTmp'
Makefile:121: recipe for target 'cmTC_692c3/fast' failed
make[3]: *** [cmTC_692c3/fast] Error 2
make[3]: Leaving directory '/home/ubuntu/eosio.cdt/build/eosio_llvm/CMakeFiles/CMakeTmp'

Source file was:
int main(void) { return 0; }
Performing C++ SOURCE FILE Test CXX_SUPPORTS_COVERED_SWITCH_DEFAULT_FLAG failed with the following output:
Change Dir: /home/ubuntu/eosio.cdt/build/eosio_llvm/CMakeFiles/CMakeTmp

Run Build Command:"/usr/bin/make" "cmTC_521ba/fast"
make[3]: Entering directory '/home/ubuntu/eosio.cdt/build/eosio_llvm/CMakeFiles/CMakeTmp'
/usr/bin/make -f CMakeFiles/cmTC_521ba.dir/build.make CMakeFiles/cmTC_521ba.dir/build
make[4]: Entering directory '/home/ubuntu/eosio.cdt/build/eosio_llvm/CMakeFiles/CMakeTmp'
Building CXX object CMakeFiles/cmTC_521ba.dir/src.cxx.o
/usr/bin/c++    -fPIC -fvisibility-inlines-hidden -Werror=date-time -std=c++11 -Wall -Wextra -Wno-unused-parameter -Wwrite-strings -Wcast-qual -Wno-missing-field-initializers -pedantic -Wno-long-long -DCXX_SUPPORTS_COVERED_SWITCH_DEFAULT_FLAG   -Werror -Wcovered-switch-default -o CMakeFiles/cmTC_521ba.dir/src.cxx.o -c /home/ubuntu/eosio.cdt/build/eosio_llvm/CMakeFiles/CMakeTmp/src.cxx
c++: error: unrecognized command line option '-Wcovered-switch-default'; did you mean '-Wno-switch-default'?
CMakeFiles/cmTC_521ba.dir/build.make:65: recipe for target 'CMakeFiles/cmTC_521ba.dir/src.cxx.o' failed
make[4]: *** [CMakeFiles/cmTC_521ba.dir/src.cxx.o] Error 1
make[4]: Leaving directory '/home/ubuntu/eosio.cdt/build/eosio_llvm/CMakeFiles/CMakeTmp'
Makefile:121: recipe for target 'cmTC_521ba/fast' failed
make[3]: *** [cmTC_521ba/fast] Error 2
make[3]: Leaving directory '/home/ubuntu/eosio.cdt/build/eosio_llvm/CMakeFiles/CMakeTmp'

Source file was:
int main() { return 0; }
Performing C SOURCE FILE Test C_SUPPORTS_DELETE_NON_VIRTUAL_DTOR_FLAG failed with the following output:
Change Dir: /home/ubuntu/eosio.cdt/build/eosio_llvm/CMakeFiles/CMakeTmp

Run Build Command:"/usr/bin/make" "cmTC_6ab85/fast"
make[3]: Entering directory '/home/ubuntu/eosio.cdt/build/eosio_llvm/CMakeFiles/CMakeTmp'
/usr/bin/make -f CMakeFiles/cmTC_6ab85.dir/build.make CMakeFiles/cmTC_6ab85.dir/build
make[4]: Entering directory '/home/ubuntu/eosio.cdt/build/eosio_llvm/CMakeFiles/CMakeTmp'
Building C object CMakeFiles/cmTC_6ab85.dir/src.c.o
/usr/bin/cc   -fPIC -Werror=date-time -Wall -Wextra -Wno-unused-parameter -Wwrite-strings -Wno-missing-field-initializers -pedantic -Wno-long-long -DC_SUPPORTS_DELETE_NON_VIRTUAL_DTOR_FLAG   -Werror -Wdelete-non-virtual-dtor -o CMakeFiles/cmTC_6ab85.dir/src.c.o   -c /home/ubuntu/eosio.cdt/build/eosio_llvm/CMakeFiles/CMakeTmp/src.c
cc1: error: command line option '-Wdelete-non-virtual-dtor' is valid for C++/ObjC++ but not for C [-Werror]
cc1: all warnings being treated as errors
CMakeFiles/cmTC_6ab85.dir/build.make:65: recipe for target 'CMakeFiles/cmTC_6ab85.dir/src.c.o' failed
make[4]: *** [CMakeFiles/cmTC_6ab85.dir/src.c.o] Error 1
make[4]: Leaving directory '/home/ubuntu/eosio.cdt/build/eosio_llvm/CMakeFiles/CMakeTmp'
Makefile:121: recipe for target 'cmTC_6ab85/fast' failed
make[3]: *** [cmTC_6ab85/fast] Error 2
make[3]: Leaving directory '/home/ubuntu/eosio.cdt/build/eosio_llvm/CMakeFiles/CMakeTmp'

Source file was:
int main(void) { return 0; }
Performing C SOURCE FILE Test C_WCOMMENT_ALLOWS_LINE_WRAP failed with the following output:
Change Dir: /home/ubuntu/eosio.cdt/build/eosio_llvm/CMakeFiles/CMakeTmp

Run Build Command:"/usr/bin/make" "cmTC_b4119/fast"
make[3]: Entering directory '/home/ubuntu/eosio.cdt/build/eosio_llvm/CMakeFiles/CMakeTmp'
/usr/bin/make -f CMakeFiles/cmTC_b4119.dir/build.make CMakeFiles/cmTC_b4119.dir/build
make[4]: Entering directory '/home/ubuntu/eosio.cdt/build/eosio_llvm/CMakeFiles/CMakeTmp'
Building C object CMakeFiles/cmTC_b4119.dir/src.c.o
/usr/bin/cc -D_GNU_SOURCE  -fPIC -Werror=date-time -Wall -Wextra -Wno-unused-parameter -Wwrite-strings -Wno-missing-field-initializers -pedantic -Wno-long-long -DC_WCOMMENT_ALLOWS_LINE_WRAP  -Werror -Wcomment   -o CMakeFiles/cmTC_b4119.dir/src.c.o   -c /home/ubuntu/eosio.cdt/build/eosio_llvm/CMakeFiles/CMakeTmp/src.c
/home/ubuntu/eosio.cdt/build/eosio_llvm/CMakeFiles/CMakeTmp/src.c:1:1: error: multi-line comment [-Werror=comment]
 // \
 ^
cc1: all warnings being treated as errors
CMakeFiles/cmTC_b4119.dir/build.make:65: recipe for target 'CMakeFiles/cmTC_b4119.dir/src.c.o' failed
make[4]: *** [CMakeFiles/cmTC_b4119.dir/src.c.o] Error 1
make[4]: Leaving directory '/home/ubuntu/eosio.cdt/build/eosio_llvm/CMakeFiles/CMakeTmp'
Makefile:121: recipe for target 'cmTC_b4119/fast' failed
make[3]: *** [cmTC_b4119/fast] Error 2
make[3]: Leaving directory '/home/ubuntu/eosio.cdt/build/eosio_llvm/CMakeFiles/CMakeTmp'

Source file was:
// \
//
int main() {return 0;}
Performing C SOURCE FILE Test C_SUPPORTS_STRING_CONVERSION_FLAG failed with the following output:
Change Dir: /home/ubuntu/eosio.cdt/build/eosio_llvm/CMakeFiles/CMakeTmp

Run Build Command:"/usr/bin/make" "cmTC_80515/fast"
make[3]: Entering directory '/home/ubuntu/eosio.cdt/build/eosio_llvm/CMakeFiles/CMakeTmp'
/usr/bin/make -f CMakeFiles/cmTC_80515.dir/build.make CMakeFiles/cmTC_80515.dir/build
make[4]: Entering directory '/home/ubuntu/eosio.cdt/build/eosio_llvm/CMakeFiles/CMakeTmp'
Building C object CMakeFiles/cmTC_80515.dir/src.c.o
/usr/bin/cc   -fPIC -Werror=date-time -Wall -Wextra -Wno-unused-parameter -Wwrite-strings -Wno-missing-field-initializers -pedantic -Wno-long-long -Wno-comment -DC_SUPPORTS_STRING_CONVERSION_FLAG   -Werror -Wstring-conversion -o CMakeFiles/cmTC_80515.dir/src.c.o   -c /home/ubuntu/eosio.cdt/build/eosio_llvm/CMakeFiles/CMakeTmp/src.c
cc: error: unrecognized command line option '-Wstring-conversion'; did you mean '-Wint-conversion'?
CMakeFiles/cmTC_80515.dir/build.make:65: recipe for target 'CMakeFiles/cmTC_80515.dir/src.c.o' failed
make[4]: *** [CMakeFiles/cmTC_80515.dir/src.c.o] Error 1
make[4]: Leaving directory '/home/ubuntu/eosio.cdt/build/eosio_llvm/CMakeFiles/CMakeTmp'
Makefile:121: recipe for target 'cmTC_80515/fast' failed
make[3]: *** [cmTC_80515/fast] Error 2
make[3]: Leaving directory '/home/ubuntu/eosio.cdt/build/eosio_llvm/CMakeFiles/CMakeTmp'

Source file was:
int main(void) { return 0; }
Performing C++ SOURCE FILE Test CXX_SUPPORTS_STRING_CONVERSION_FLAG failed with the following output:
Change Dir: /home/ubuntu/eosio.cdt/build/eosio_llvm/CMakeFiles/CMakeTmp

Run Build Command:"/usr/bin/make" "cmTC_d1e3a/fast"
make[3]: Entering directory '/home/ubuntu/eosio.cdt/build/eosio_llvm/CMakeFiles/CMakeTmp'
/usr/bin/make -f CMakeFiles/cmTC_d1e3a.dir/build.make CMakeFiles/cmTC_d1e3a.dir/build
make[4]: Entering directory '/home/ubuntu/eosio.cdt/build/eosio_llvm/CMakeFiles/CMakeTmp'
Building CXX object CMakeFiles/cmTC_d1e3a.dir/src.cxx.o
/usr/bin/c++    -fPIC -fvisibility-inlines-hidden -Werror=date-time -std=c++11 -Wall -Wextra -Wno-unused-parameter -Wwrite-strings -Wcast-qual -Wno-missing-field-initializers -pedantic -Wno-long-long -Wno-maybe-uninitialized -Wdelete-non-virtual-dtor -Wno-comment -DCXX_SUPPORTS_STRING_CONVERSION_FLAG   -Werror -Wstring-conversion -o CMakeFiles/cmTC_d1e3a.dir/src.cxx.o -c /home/ubuntu/eosio.cdt/build/eosio_llvm/CMakeFiles/CMakeTmp/src.cxx
c++: error: unrecognized command line option '-Wstring-conversion'; did you mean '-Wint-conversion'?
CMakeFiles/cmTC_d1e3a.dir/build.make:65: recipe for target 'CMakeFiles/cmTC_d1e3a.dir/src.cxx.o' failed
make[4]: *** [CMakeFiles/cmTC_d1e3a.dir/src.cxx.o] Error 1
make[4]: Leaving directory '/home/ubuntu/eosio.cdt/build/eosio_llvm/CMakeFiles/CMakeTmp'
Makefile:121: recipe for target 'cmTC_d1e3a/fast' failed
make[3]: *** [cmTC_d1e3a/fast] Error 2
make[3]: Leaving directory '/home/ubuntu/eosio.cdt/build/eosio_llvm/CMakeFiles/CMakeTmp'

Source file was:
int main() { return 0; }
Performing C++ SOURCE FILE Test CXX_SUPPORTS_NO_NESTED_ANON_TYPES_FLAG failed with the following output:
Change Dir: /home/ubuntu/eosio.cdt/build/eosio_llvm/CMakeFiles/CMakeTmp

Run Build Command:"/usr/bin/make" "cmTC_214c5/fast"
make[3]: Entering directory '/home/ubuntu/eosio.cdt/build/eosio_llvm/CMakeFiles/CMakeTmp'
/usr/bin/make -f CMakeFiles/cmTC_214c5.dir/build.make CMakeFiles/cmTC_214c5.dir/build
make[4]: Entering directory '/home/ubuntu/eosio.cdt/build/eosio_llvm/CMakeFiles/CMakeTmp'
Building CXX object CMakeFiles/cmTC_214c5.dir/src.cxx.o
/usr/bin/c++    -fPIC -fvisibility-inlines-hidden -Werror=date-time -std=c++11 -Wall -Wextra -Wno-unused-parameter -Wwrite-strings -Wcast-qual -Wno-missing-field-initializers -pedantic -Wno-long-long -Wno-maybe-uninitialized -Wdelete-non-virtual-dtor -Wno-comment -ffunction-sections -fdata-sections -fno-common -Woverloaded-virtual -fno-strict-aliasing -DCXX_SUPPORTS_NO_NESTED_ANON_TYPES_FLAG   -Werror -Wnested-anon-types -o CMakeFiles/cmTC_214c5.dir/src.cxx.o -c /home/ubuntu/eosio.cdt/build/eosio_llvm/CMakeFiles/CMakeTmp/src.cxx
c++: error: unrecognized command line option '-Wnested-anon-types'; did you mean '-Wnested-externs'?
CMakeFiles/cmTC_214c5.dir/build.make:65: recipe for target 'CMakeFiles/cmTC_214c5.dir/src.cxx.o' failed
make[4]: *** [CMakeFiles/cmTC_214c5.dir/src.cxx.o] Error 1
make[4]: Leaving directory '/home/ubuntu/eosio.cdt/build/eosio_llvm/CMakeFiles/CMakeTmp'
Makefile:121: recipe for target 'cmTC_214c5/fast' failed
make[3]: *** [cmTC_214c5/fast] Error 2
make[3]: Leaving directory '/home/ubuntu/eosio.cdt/build/eosio_llvm/CMakeFiles/CMakeTmp'

Source file was:
int main() { return 0; }
