Determining if the pthread_create exist failed with the following output:
Change Dir: /home/ubuntu/eosio.cdt/build/tools/CMakeFiles/CMakeTmp

Run Build Command:"/usr/bin/make" "cmTC_2e18f/fast"
make[3]: Entering directory '/home/ubuntu/eosio.cdt/build/tools/CMakeFiles/CMakeTmp'
/usr/bin/make -f CMakeFiles/cmTC_2e18f.dir/build.make CMakeFiles/cmTC_2e18f.dir/build
make[4]: Entering directory '/home/ubuntu/eosio.cdt/build/tools/CMakeFiles/CMakeTmp'
Building C object CMakeFiles/cmTC_2e18f.dir/CheckSymbolExists.c.o
/usr/bin/cc    -o CMakeFiles/cmTC_2e18f.dir/CheckSymbolExists.c.o   -c /home/ubuntu/eosio.cdt/build/tools/CMakeFiles/CMakeTmp/CheckSymbolExists.c
Linking C executable cmTC_2e18f
/usr/local/bin/cmake -E cmake_link_script CMakeFiles/cmTC_2e18f.dir/link.txt --verbose=1
/usr/bin/cc      -rdynamic CMakeFiles/cmTC_2e18f.dir/CheckSymbolExists.c.o  -o cmTC_2e18f 
CMakeFiles/cmTC_2e18f.dir/CheckSymbolExists.c.o: In function `main':
CheckSymbolExists.c:(.text+0x1b): undefined reference to `pthread_create'
collect2: error: ld returned 1 exit status
CMakeFiles/cmTC_2e18f.dir/build.make:86: recipe for target 'cmTC_2e18f' failed
make[4]: *** [cmTC_2e18f] Error 1
make[4]: Leaving directory '/home/ubuntu/eosio.cdt/build/tools/CMakeFiles/CMakeTmp'
Makefile:121: recipe for target 'cmTC_2e18f/fast' failed
make[3]: *** [cmTC_2e18f/fast] Error 2
make[3]: Leaving directory '/home/ubuntu/eosio.cdt/build/tools/CMakeFiles/CMakeTmp'

File /home/ubuntu/eosio.cdt/build/tools/CMakeFiles/CMakeTmp/CheckSymbolExists.c:
/* */
#include <pthread.h>

int main(int argc, char** argv)
{
  (void)argv;
#ifndef pthread_create
  return ((int*)(&pthread_create))[argc];
#else
  (void)argc;
  return 0;
#endif
}

Determining if the function pthread_create exists in the pthreads failed with the following output:
Change Dir: /home/ubuntu/eosio.cdt/build/tools/CMakeFiles/CMakeTmp

Run Build Command:"/usr/bin/make" "cmTC_53134/fast"
make[3]: Entering directory '/home/ubuntu/eosio.cdt/build/tools/CMakeFiles/CMakeTmp'
/usr/bin/make -f CMakeFiles/cmTC_53134.dir/build.make CMakeFiles/cmTC_53134.dir/build
make[4]: Entering directory '/home/ubuntu/eosio.cdt/build/tools/CMakeFiles/CMakeTmp'
Building C object CMakeFiles/cmTC_53134.dir/CheckFunctionExists.c.o
/usr/bin/cc   -DCHECK_FUNCTION_EXISTS=pthread_create   -o CMakeFiles/cmTC_53134.dir/CheckFunctionExists.c.o   -c /usr/local/share/cmake-3.13/Modules/CheckFunctionExists.c
Linking C executable cmTC_53134
/usr/local/bin/cmake -E cmake_link_script CMakeFiles/cmTC_53134.dir/link.txt --verbose=1
/usr/bin/cc  -DCHECK_FUNCTION_EXISTS=pthread_create    -rdynamic CMakeFiles/cmTC_53134.dir/CheckFunctionExists.c.o  -o cmTC_53134 -lpthreads 
/usr/bin/ld: cannot find -lpthreads
collect2: error: ld returned 1 exit status
CMakeFiles/cmTC_53134.dir/build.make:86: recipe for target 'cmTC_53134' failed
make[4]: *** [cmTC_53134] Error 1
make[4]: Leaving directory '/home/ubuntu/eosio.cdt/build/tools/CMakeFiles/CMakeTmp'
Makefile:121: recipe for target 'cmTC_53134/fast' failed
make[3]: *** [cmTC_53134/fast] Error 2
make[3]: Leaving directory '/home/ubuntu/eosio.cdt/build/tools/CMakeFiles/CMakeTmp'


